<?xml version="1.0" encoding="UTF-8"?>
<!-- Generated by org.testng.reporters.JUnitXMLReporter -->
<testsuite ignored="4" hostname="DESKTOP-RS36S08" failures="0" tests="7" name="IncludeExcludeExample" time="0.124" errors="0" timestamp="2025-07-05T00:30:01 CDT">
  <testcase classname="com.neotech.lesson01.TestNGAnotations" name="test1" time="0.007"/>
  <testcase classname="com.neotech.lesson01.TestNGAnotations" name="test2" time="0.002"/>
  <testcase classname="com.neotech.lesson01.TestNGAnotations" name="test3" time="0.001"/>
  <testcase classname="com.neotech.lesson01.TestNGDemo" name="testThree" time="0.003"/>
  <testcase classname="com.neotech.lesson01.TestNGDemo" name="testTwo" time="0.002"/>
  <testcase classname="com.neotech.lesson01.TestNGMoreAnnotations" name="testOne" time="0.002"/>
  <testcase classname="com.neotech.lesson01.TestNGMoreAnnotations" name="testTwo" time="0.001"/>
  <testcase classname="com.neotech.lesson01.TitleAndLogoValidation" name="titleValidation" time="0.0">
    <ignored/>
  </testcase> <!-- titleValidation -->
  <testcase classname="com.neotech.lesson01.TitleAndLogoValidation" name="loginValidation" time="0.0">
    <ignored/>
  </testcase> <!-- loginValidation -->
  <testcase classname="com.neotech.lesson01.TitleAndLogoValidation" name="logoValidation" time="0.0">
    <ignored/>
  </testcase> <!-- logoValidation -->
  <testcase classname="com.neotech.lesson01.TestNGDemo" name="testOne" time="0.0">
    <ignored/>
  </testcase> <!-- testOne -->
</testsuite> <!-- IncludeExcludeExample -->
