<?xml version="1.0" encoding="UTF-8"?>
<!-- Generated by org.testng.reporters.JUnitXMLReporter -->
<testsuite ignored="0" hostname="DESKTOP-RS36S08" failures="0" tests="4" name="Default test" time="0.074" errors="0" timestamp="2025-07-05T01:14:43 CDT">
  <testcase classname="com.neotech.lesson03.GroupsDemo" name="test1" time="0.01"/>
  <testcase classname="com.neotech.lesson03.GroupsDemo" name="test2" time="0.001"/>
  <testcase classname="com.neotech.lesson03.GroupsDemo" name="test3" time="0.002"/>
  <testcase classname="com.neotech.lesson03.GroupsDemo" name="test4" time="0.001"/>
</testsuite> <!-- Default test -->
