<?xml version="1.0" encoding="UTF-8"?>
<!-- Generated by org.testng.reporters.JUnitXMLReporter -->
<testsuite ignored="6" hostname="DESKTOP-RS36S08" failures="0" tests="0" time="0.013" errors="0" timestamp="2025-07-05T12:39:48 CDT">
  <testcase classname="com.neotech.review01.DemoAnnotations" name="test1" time="0.0">
    <ignored/>
  </testcase> <!-- test1 -->
  <testcase classname="com.neotech.review01.DependsOnMethod" name="firstTest" time="0.0">
    <ignored/>
  </testcase> <!-- firstTest -->
  <testcase classname="com.neotech.review01.DependsOnMethod" name="secondTest" time="0.0">
    <ignored/>
  </testcase> <!-- secondTest -->
  <testcase classname="com.neotech.review01.TestParameters" name="MethodA" time="0.0">
    <ignored/>
  </testcase> <!-- MethodA -->
  <testcase classname="com.neotech.review01.TestParameters" name="MethodB" time="0.0">
    <ignored/>
  </testcase> <!-- MethodB -->
  <testcase classname="com.neotech.review01.DemoAnnotations" name="test2" time="0.0">
    <ignored/>
  </testcase> <!-- test2 -->
</testsuite>
