<?xml version="1.0" encoding="UTF-8"?>
<testng-results ignored="0" total="1" passed="1" failed="0" skipped="0">
  <reporter-output>
  </reporter-output>
  <suite started-at="2025-07-04T21:49:56 CDT" name="Default suite" finished-at="2025-07-04T21:50:05 CDT" duration-ms="9333">
    <groups>
    </groups>
    <test started-at="2025-07-04T21:49:56 CDT" name="Default test" finished-at="2025-07-04T21:50:05 CDT" duration-ms="9333">
      <class name="com.neotech.lesson02.SoftAssertDemo">
        <test-method is-config="true" signature="openAndNavigate()[pri:0, instance:com.neotech.lesson02.SoftAssertDemo@61322f9d]" started-at="2025-07-04T21:49:56 CDT" name="openAndNavigate" finished-at="2025-07-04T21:49:59 CDT" duration-ms="3135" status="PASS">
          <reporter-output>
          </reporter-output>
        </test-method> <!-- openAndNavigate -->
        <test-method signature="logoAndLoginValidation()[pri:0, instance:com.neotech.lesson02.SoftAssertDemo@61322f9d]" started-at="2025-07-04T21:49:59 CDT" name="logoAndLoginValidation" finished-at="2025-07-04T21:50:05 CDT" duration-ms="6063" status="PASS">
          <reporter-output>
          </reporter-output>
        </test-method> <!-- logoAndLoginValidation -->
        <test-method is-config="true" signature="quiBrowser()[pri:0, instance:com.neotech.lesson02.SoftAssertDemo@61322f9d]" started-at="2025-07-04T21:50:05 CDT" name="quiBrowser" finished-at="2025-07-04T21:50:05 CDT" duration-ms="101" status="PASS">
          <reporter-output>
          </reporter-output>
        </test-method> <!-- quiBrowser -->
      </class> <!-- com.neotech.lesson02.SoftAssertDemo -->
    </test> <!-- Default test -->
  </suite> <!-- Default suite -->
</testng-results>
