<?xml version="1.0" encoding="UTF-8"?>
<testng-results ignored="12" total="13" passed="1" failed="0" skipped="0">
  <reporter-output>
  </reporter-output>
  <suite started-at="2025-07-05T19:54:01 CDT" name="Smoke Suite" finished-at="2025-07-05T19:54:01 CDT" duration-ms="77">
    <groups>
      <group name="smoke">
        <method signature="GroupsDemo.smokeTest()[pri:0, instance:com.neotech.review01.GroupsDemo@2638011]" name="smokeTest" class="com.neotech.review01.GroupsDemo"/>
      </group> <!-- smoke -->
    </groups>
    <test started-at="2025-07-05T19:54:01 CDT" name="Regression Test" finished-at="2025-07-05T19:54:01 CDT" duration-ms="77">
      <class name="com.neotech.review01.GroupsDemo">
        <test-method is-config="true" signature="beforeMethod()[pri:0, instance:com.neotech.review01.GroupsDemo@2638011]" started-at="2025-07-05T19:54:01 CDT" name="beforeMethod" finished-at="2025-07-05T19:54:01 CDT" duration-ms="8" status="PASS">
          <reporter-output>
          </reporter-output>
        </test-method> <!-- beforeMethod -->
        <test-method signature="smokeTest()[pri:0, instance:com.neotech.review01.GroupsDemo@2638011]" started-at="2025-07-05T19:54:01 CDT" name="smokeTest" finished-at="2025-07-05T19:54:01 CDT" duration-ms="8" status="PASS">
          <reporter-output>
          </reporter-output>
        </test-method> <!-- smokeTest -->
      </class> <!-- com.neotech.review01.GroupsDemo -->
    </test> <!-- Regression Test -->
  </suite> <!-- Smoke Suite -->
</testng-results>
