<?xml version="1.0" encoding="UTF-8"?>
<!-- Generated by org.testng.reporters.JUnitXMLReporter -->
<testsuite ignored="6" hostname="DESKTOP-RS36S08" failures="0" tests="4" name="groups demo test" time="8.425" errors="0" timestamp="2025-07-05T01:20:40 CDT">
  <testcase classname="com.neotech.lesson01.TitleAndLogoValidation" name="loginValidation" time="3.021"/>
  <testcase classname="com.neotech.lesson01.TitleAndLogoValidation" name="logoValidation" time="0.027"/>
  <testcase classname="com.neotech.lesson03.GroupsDemo" name="test1" time="0.002"/>
  <testcase classname="com.neotech.lesson03.GroupsDemo" name="test2" time="0.001"/>
  <testcase classname="com.neotech.lesson01.TestNGDemo" name="testTwo" time="0.0">
    <ignored/>
  </testcase> <!-- testTwo -->
  <testcase classname="com.neotech.lesson03.GroupsDemo" name="test4" time="0.0">
    <ignored/>
  </testcase> <!-- test4 -->
  <testcase classname="com.neotech.lesson01.TestNGDemo" name="testThree" time="0.0">
    <ignored/>
  </testcase> <!-- testThree -->
  <testcase classname="com.neotech.lesson01.TestNGDemo" name="testOne" time="0.0">
    <ignored/>
  </testcase> <!-- testOne -->
  <testcase classname="com.neotech.lesson01.TitleAndLogoValidation" name="titleValidation" time="0.0">
    <ignored/>
  </testcase> <!-- titleValidation -->
  <testcase classname="com.neotech.lesson03.GroupsDemo" name="test3" time="0.0">
    <ignored/>
  </testcase> <!-- test3 -->
</testsuite> <!-- groups demo test -->
